TOTAL TESTING SCORE: 97.3%

- - - - - - - - - - - - - - - - - - - - - - - - - - - - - - - - - - - - - - 

SUMMARY BY TEST SET

Test Set                                      Pts Max  % Ttl  % Max
--------------------------------------------- --- --- ------ ------
tests/vm/Rubric.functionality                  52/ 55  47.3%/ 50.0%
tests/vm/Rubric.robustness                     28/ 28  15.0%/ 15.0%
tests/userprog/Rubric.functionality           108/108  10.0%/ 10.0%
tests/userprog/Rubric.robustness               88/ 88   5.0%/  5.0%
tests/filesys/base/Rubric                      30/ 30  20.0%/ 20.0%
--------------------------------------------- --- --- ------ ------
Total                                                  97.3%/100.0%

- - - - - - - - - - - - - - - - - - - - - - - - - - - - - - - - - - - - - - 

SUMMARY OF INDIVIDUAL TESTS

Functionality of virtual memory subsystem (tests/vm/Rubric.functionality):
	- Test stack growth.
	     3/ 3 tests/vm/pt-grow-stack
	     3/ 3 tests/vm/pt-grow-stk-sc
	     3/ 3 tests/vm/pt-big-stk-obj
	     3/ 3 tests/vm/pt-grow-pusha

	- Test paging behavior.
	     3/ 3 tests/vm/page-linear
	  ** 0/ 3 tests/vm/page-parallel
	     3/ 3 tests/vm/page-shuffle
	     4/ 4 tests/vm/page-merge-seq
	     4/ 4 tests/vm/page-merge-par
	     4/ 4 tests/vm/page-merge-mm
	     4/ 4 tests/vm/page-merge-stk

	- Test "mmap" system call.
	     2/ 2 tests/vm/mmap-read
	     2/ 2 tests/vm/mmap-write
	     2/ 2 tests/vm/mmap-shuffle

	     2/ 2 tests/vm/mmap-twice

	     2/ 2 tests/vm/mmap-unmap
	     1/ 1 tests/vm/mmap-exit

	     3/ 3 tests/vm/mmap-clean

	     2/ 2 tests/vm/mmap-close
	     2/ 2 tests/vm/mmap-remove

	- Section summary.
	     19/ 20 tests passed
	     52/ 55 points subtotal

Robustness of virtual memory subsystem (tests/vm/Rubric.robustness):
	- Test robustness of page table support.
	     2/ 2 tests/vm/pt-bad-addr
	     3/ 3 tests/vm/pt-bad-read
	     2/ 2 tests/vm/pt-write-code
	     3/ 3 tests/vm/pt-write-code2
	     4/ 4 tests/vm/pt-grow-bad

	- Test robustness of "mmap" system call.
	     1/ 1 tests/vm/mmap-bad-fd
	     1/ 1 tests/vm/mmap-inherit
	     1/ 1 tests/vm/mmap-null
	     1/ 1 tests/vm/mmap-zero

	     2/ 2 tests/vm/mmap-misalign

	     2/ 2 tests/vm/mmap-over-code
	     2/ 2 tests/vm/mmap-over-data
	     2/ 2 tests/vm/mmap-over-stk
	     2/ 2 tests/vm/mmap-overlap


	- Section summary.
	     14/ 14 tests passed
	     28/ 28 points subtotal

Functionality of system calls (tests/userprog/Rubric.functionality):
	- Test argument passing on Pintos command line.
	     3/ 3 tests/userprog/args-none
	     3/ 3 tests/userprog/args-single
	     3/ 3 tests/userprog/args-multiple
	     3/ 3 tests/userprog/args-many
	     3/ 3 tests/userprog/args-dbl-space

	- Test "create" system call.
	     3/ 3 tests/userprog/create-empty
	     3/ 3 tests/userprog/create-long
	     3/ 3 tests/userprog/create-normal
	     3/ 3 tests/userprog/create-exists

	- Test "open" system call.
	     3/ 3 tests/userprog/open-missing
	     3/ 3 tests/userprog/open-normal
	     3/ 3 tests/userprog/open-twice

	- Test "read" system call.
	     3/ 3 tests/userprog/read-normal
	     3/ 3 tests/userprog/read-zero

	- Test "write" system call.
	     3/ 3 tests/userprog/write-normal
	     3/ 3 tests/userprog/write-zero

	- Test "close" system call.
	     3/ 3 tests/userprog/close-normal

	- Test "exec" system call.
	     5/ 5 tests/userprog/exec-once
	     5/ 5 tests/userprog/exec-multiple
	     5/ 5 tests/userprog/exec-arg

	- Test "wait" system call.
	     5/ 5 tests/userprog/wait-simple
	     5/ 5 tests/userprog/wait-twice

	- Test "exit" system call.
	     5/ 5 tests/userprog/exit

	- Test "halt" system call.
	     3/ 3 tests/userprog/halt

	- Test recursive execution of user programs.
	    15/15 tests/userprog/multi-recurse

	- Test read-only executable feature.
	     3/ 3 tests/userprog/rox-simple
	     3/ 3 tests/userprog/rox-child
	     3/ 3 tests/userprog/rox-multichild

	- Section summary.
	     28/ 28 tests passed
	    108/108 points subtotal

Robustness of system calls (tests/userprog/Rubric.robustness):
	- Test robustness of file descriptor handling.
	     2/ 2 tests/userprog/close-stdin
	     2/ 2 tests/userprog/close-stdout
	     2/ 2 tests/userprog/close-bad-fd
	     2/ 2 tests/userprog/close-twice
	     2/ 2 tests/userprog/read-bad-fd
	     2/ 2 tests/userprog/read-stdout
	     2/ 2 tests/userprog/write-bad-fd
	     2/ 2 tests/userprog/write-stdin
	     2/ 2 tests/userprog/multi-child-fd

	- Test robustness of pointer handling.
	     3/ 3 tests/userprog/create-bad-ptr
	     3/ 3 tests/userprog/exec-bad-ptr
	     3/ 3 tests/userprog/open-bad-ptr
	     3/ 3 tests/userprog/read-bad-ptr
	     3/ 3 tests/userprog/write-bad-ptr

	- Test robustness of buffer copying across page boundaries.
	     3/ 3 tests/userprog/create-bound
	     3/ 3 tests/userprog/open-boundary
	     3/ 3 tests/userprog/read-boundary
	     3/ 3 tests/userprog/write-boundary

	- Test handling of null pointer and empty strings.
	     2/ 2 tests/userprog/create-null
	     2/ 2 tests/userprog/open-null
	     2/ 2 tests/userprog/open-empty

	- Test robustness of system call implementation.
	     3/ 3 tests/userprog/sc-bad-arg
	     3/ 3 tests/userprog/sc-bad-sp
	     5/ 5 tests/userprog/sc-boundary
	     5/ 5 tests/userprog/sc-boundary-2

	- Test robustness of "exec" and "wait" system calls.
	     5/ 5 tests/userprog/exec-missing
	     5/ 5 tests/userprog/wait-bad-pid
	     5/ 5 tests/userprog/wait-killed

	- Test robustness of exception handling.
	     1/ 1 tests/userprog/bad-read
	     1/ 1 tests/userprog/bad-write
	     1/ 1 tests/userprog/bad-jump
	     1/ 1 tests/userprog/bad-read2
	     1/ 1 tests/userprog/bad-write2
	     1/ 1 tests/userprog/bad-jump2

	- Section summary.
	     34/ 34 tests passed
	     88/ 88 points subtotal

Functionality of base file system (tests/filesys/base/Rubric):
	- Test basic support for small files.
	     1/ 1 tests/filesys/base/sm-create
	     2/ 2 tests/filesys/base/sm-full
	     2/ 2 tests/filesys/base/sm-random
	     2/ 2 tests/filesys/base/sm-seq-block
	     3/ 3 tests/filesys/base/sm-seq-random

	- Test basic support for large files.
	     1/ 1 tests/filesys/base/lg-create
	     2/ 2 tests/filesys/base/lg-full
	     2/ 2 tests/filesys/base/lg-random
	     2/ 2 tests/filesys/base/lg-seq-block
	     3/ 3 tests/filesys/base/lg-seq-random

	- Test synchronized multiprogram access to files.
	     4/ 4 tests/filesys/base/syn-read
	     4/ 4 tests/filesys/base/syn-write
	     2/ 2 tests/filesys/base/syn-remove

	- Section summary.
	     13/ 13 tests passed
	     30/ 30 points subtotal


- - - - - - - - - - - - - - - - - - - - - - - - - - - - - - - - - - - - - - 

DETAILS OF tests/vm/page-parallel FAILURE:

Test output failed to match any acceptable form.

Acceptable output:
  (page-parallel) begin
  (page-parallel) exec "child-linear"
  (page-parallel) exec "child-linear"
  (page-parallel) exec "child-linear"
  (page-parallel) exec "child-linear"
  (page-parallel) wait for child 0
  (page-parallel) wait for child 1
  (page-parallel) wait for child 2
  (page-parallel) wait for child 3
  (page-parallel) end
Differences in `diff -u' format:
  (page-parallel) begin
  (page-parallel) exec "child-linear"
  (page-parallel) exec "child-linear"
- (page-parallel) exec "child-linear"
- (page-parallel) exec "child-linear"
- (page-parallel) wait for child 0
- (page-parallel) wait for child 1
- (page-parallel) wait for child 2
- (page-parallel) wait for child 3
- (page-parallel) end
+ Page fault at 0: not present error reading page in user context.
+ page-parallel: dying due to interrupt 0x0e (#PF Page-Fault Exception).
+ Interrupt 0x0e (#PF Page-Fault Exception) at eip=0
+  cr2=00000000 error=00000004
+  eax=00000005 ebx=00000001 ecx=0804bac0 edx=00000024
+  esi=00000000 edi=00000000 esp=bfffff80 ebp=00000000
+  cs=001b ds=0023 es=0023 ss=0023

(Process exit codes are excluded for matching purposes.)

OUTPUT FROM tests/vm/page-parallel:

Copying tests/vm/page-parallel into /tmp/11WnxZ0ifz.dsk...
Copying tests/vm/child-linear into /tmp/11WnxZ0ifz.dsk...
Writing command line to /tmp/1clPK54QCE.dsk...
qemu -hda /tmp/1clPK54QCE.dsk -hdb /tmp/6t5PbhpxEd.dsk -hdc /tmp/11WnxZ0ifz.dsk -hdd /tmp/7dtlwfqj4u.dsk -m 4 -net none -nographic -monitor null
Kernel command line: -q -f put page-parallel put child-linear run page-parallel
Pintos booting with 4,096 kB RAM...
374 pages available in kernel pool.
373 pages available in user pool.
Calibrating timer...  78,540,800 loops/s.
hd0:0: detected 145 sector (72 kB) disk, model "QEMU HARDDISK", serial "QM00001"
hd0:1: detected 4,032 sector (1 MB) disk, model "QEMU HARDDISK", serial "QM00002"
hd1:0: detected 149 sector (74 kB) disk, model "QEMU HARDDISK", serial "QM00003"
hd1:1: detected 8,064 sector (3 MB) disk, model "QEMU HARDDISK", serial "QM00004"
Formatting file system...done.
Boot complete.
Putting 'page-parallel' into the file system...
Putting 'child-linear' into the file system...
Executing 'page-parallel':
(page-parallel) begin
(page-parallel) exec "child-linear"
(page-parallel) exec "child-linear"
Page fault at 0: not present error reading page in user context.
page-parallel: dying due to interrupt 0x0e (#PF Page-Fault Exception).
Interrupt 0x0e (#PF Page-Fault Exception) at eip=0
 cr2=00000000 error=00000004
 eax=00000005 ebx=00000001 ecx=0804bac0 edx=00000024
 esi=00000000 edi=00000000 esp=bfffff80 ebp=00000000
 cs=001b ds=0023 es=0023 ss=0023
page-parallel: exit(-1)
Execution of 'page-parallel' complete.
Timer: 92 ticks
Thread: 0 idle ticks, 70 kernel ticks, 22 user ticks
hd0:0: 0 reads, 0 writes
hd0:1: 129 reads, 308 writes
hd1:0: 149 reads, 0 writes
hd1:1: 0 reads, 104 writes
Console: 1411 characters output
Keyboard: 0 keys pressed
Exception: 389 page faults
Powering off...
